DEPRECATION WARNING: You are using the old router DSL which will be removed in Rails 3.1. Please check how to update your routes file at: http://www.engineyard.com/blog/2010/the-lowdown-on-routes-in-rails-3/. (called from /Users/jatorre/workspace/bioblitz/ftadmin/config/routes.rb:1)
DEPRECATION WARNING: You are using the old router DSL which will be removed in Rails 3.1. Please check how to update your routes file at: http://www.engineyard.com/blog/2010/the-lowdown-on-routes-in-rails-3/. (called from /Users/jatorre/workspace/bioblitz/ftadmin/config/routes.rb:1)
DEPRECATION WARNING: You are using the old router DSL which will be removed in Rails 3.1. Please check how to update your routes file at: http://www.engineyard.com/blog/2010/the-lowdown-on-routes-in-rails-3/. (called from /Users/jatorre/workspace/bioblitz/ftadmin/config/routes.rb:1)
DEPRECATION WARNING: You are using the old router DSL which will be removed in Rails 3.1. Please check how to update your routes file at: http://www.engineyard.com/blog/2010/the-lowdown-on-routes-in-rails-3/. (called from /Users/jatorre/workspace/bioblitz/ftadmin/config/routes.rb:1)


Started GET "/root" for 127.0.0.1 at Mon Sep 13 16:14:00 +0200 2010

ActionController::RoutingError (No route matches "/root"):
  

Rendered /Users/jatorre/.rvm/gems/ruby-1.8.7-p299@bioblitz/gems/actionpack-3.0.0/lib/action_dispatch/middleware/templates/rescues/routing_error.erb within rescues/layout (0.6ms)


Started GET "/" for 127.0.0.1 at Mon Sep 13 16:14:01 +0200 2010
  Processing by MainController#index as HTML
Completed   in 5ms

ActionView::MissingTemplate (Missing template main/index with {:formats=>[:html], :handlers=>[:erb, :rjs, :rhtml, :builder, :rxml], :locale=>[:en, :en]} in view paths "/Users/jatorre/workspace/bioblitz/ftadmin/app/views"):
  

Rendered /Users/jatorre/.rvm/gems/ruby-1.8.7-p299@bioblitz/gems/actionpack-3.0.0/lib/action_dispatch/middleware/templates/rescues/missing_template.erb within rescues/layout (0.5ms)


Started GET "/" for 127.0.0.1 at Mon Sep 13 18:27:11 +0200 2010
  Processing by MainController#index as HTML
Rendered main/index.html.erb within layouts/application (1.6ms)
Completed 200 OK in 6ms (Views: 5.5ms | ActiveRecord: 0.0ms)


Started GET "/" for 127.0.0.1 at Mon Sep 13 18:27:56 +0200 2010
  Processing by MainController#index as HTML
Rendered main/index.html.erb within layouts/application (1.9ms)
Completed 200 OK in 5ms (Views: 5.1ms | ActiveRecord: 0.0ms)


Started GET "/" for 127.0.0.1 at Mon Sep 13 18:29:45 +0200 2010
  Processing by MainController#index as HTML
Rendered main/index.html.erb within layouts/application (1.5ms)
Completed 200 OK in 5ms (Views: 4.7ms | ActiveRecord: 0.0ms)


Started GET "/" for 127.0.0.1 at Mon Sep 13 18:30:20 +0200 2010
  Processing by MainController#index as HTML
Rendered main/index.html.erb within layouts/application (1.5ms)
Completed 200 OK in 5ms (Views: 4.8ms | ActiveRecord: 0.0ms)


Started GET "/" for 127.0.0.1 at Mon Sep 13 18:30:58 +0200 2010
  Processing by MainController#index as HTML
Rendered main/index.html.erb within layouts/application (1.5ms)
Completed 200 OK in 5ms (Views: 4.9ms | ActiveRecord: 0.0ms)


Started GET "/" for 127.0.0.1 at Mon Sep 13 18:31:31 +0200 2010
  Processing by MainController#index as HTML
Rendered main/index.html.erb within layouts/application (1.4ms)
Completed 200 OK in 5ms (Views: 4.7ms | ActiveRecord: 0.0ms)


Started GET "/" for 127.0.0.1 at Mon Sep 13 18:32:21 +0200 2010
  Processing by MainController#index as HTML
Rendered main/index.html.erb within layouts/application (1.5ms)
Completed 200 OK in 5ms (Views: 4.7ms | ActiveRecord: 0.0ms)


Started GET "/" for 127.0.0.1 at Mon Sep 13 18:50:46 +0200 2010
  Processing by MainController#index as HTML
Rendered main/index.html.erb within layouts/application (8.8ms)
Completed 200 OK in 12ms (Views: 12.1ms | ActiveRecord: 0.0ms)


Started GET "/" for 127.0.0.1 at Mon Sep 13 18:51:01 +0200 2010
  Processing by MainController#index as HTML
Rendered main/index.html.erb within layouts/application (1.5ms)
Completed 200 OK in 5ms (Views: 4.9ms | ActiveRecord: 0.0ms)


Started GET "/" for 127.0.0.1 at Mon Sep 13 18:51:13 +0200 2010
  Processing by MainController#index as HTML
Rendered main/index.html.erb within layouts/application (1.5ms)
Completed 200 OK in 5ms (Views: 4.8ms | ActiveRecord: 0.0ms)


Started GET "/" for 127.0.0.1 at Mon Sep 13 18:51:22 +0200 2010
  Processing by MainController#index as HTML
Rendered main/index.html.erb within layouts/application (1.5ms)
Completed 200 OK in 5ms (Views: 4.6ms | ActiveRecord: 0.0ms)
DEPRECATION WARNING: You are using the old router DSL which will be removed in Rails 3.1. Please check how to update your routes file at: http://www.engineyard.com/blog/2010/the-lowdown-on-routes-in-rails-3/. (called from /Users/jatorre/workspace/bioblitz/ftadmin/config/routes.rb:1)
DEPRECATION WARNING: You are using the old router DSL which will be removed in Rails 3.1. Please check how to update your routes file at: http://www.engineyard.com/blog/2010/the-lowdown-on-routes-in-rails-3/. (called from /Users/jatorre/workspace/bioblitz/ftadmin/config/routes.rb:1)
DEPRECATION WARNING: You are using the old router DSL which will be removed in Rails 3.1. Please check how to update your routes file at: http://www.engineyard.com/blog/2010/the-lowdown-on-routes-in-rails-3/. (called from /Users/jatorre/workspace/bioblitz/ftadmin/config/routes.rb:1)
DEPRECATION WARNING: You are using the old router DSL which will be removed in Rails 3.1. Please check how to update your routes file at: http://www.engineyard.com/blog/2010/the-lowdown-on-routes-in-rails-3/. (called from /Users/jatorre/workspace/bioblitz/ftadmin/config/routes.rb:1)
DEPRECATION WARNING: You are using the old router DSL which will be removed in Rails 3.1. Please check how to update your routes file at: http://www.engineyard.com/blog/2010/the-lowdown-on-routes-in-rails-3/. (called from /Users/jatorre/workspace/bioblitz/ftadmin/config/routes.rb:1)
DEPRECATION WARNING: You are using the old router DSL which will be removed in Rails 3.1. Please check how to update your routes file at: http://www.engineyard.com/blog/2010/the-lowdown-on-routes-in-rails-3/. (called from /Users/jatorre/workspace/bioblitz/ftadmin/config/routes.rb:1)
DEPRECATION WARNING: You are using the old router DSL which will be removed in Rails 3.1. Please check how to update your routes file at: http://www.engineyard.com/blog/2010/the-lowdown-on-routes-in-rails-3/. (called from /Users/jatorre/workspace/bioblitz/ftadmin/config/routes.rb:1)
DEPRECATION WARNING: You are using the old router DSL which will be removed in Rails 3.1. Please check how to update your routes file at: http://www.engineyard.com/blog/2010/the-lowdown-on-routes-in-rails-3/. (called from /Users/jatorre/workspace/bioblitz/ftadmin/config/routes.rb:1)
DEPRECATION WARNING: You are using the old router DSL which will be removed in Rails 3.1. Please check how to update your routes file at: http://www.engineyard.com/blog/2010/the-lowdown-on-routes-in-rails-3/. (called from /Users/jatorre/workspace/bioblitz/ftadmin/config/routes.rb:1)
DEPRECATION WARNING: You are using the old router DSL which will be removed in Rails 3.1. Please check how to update your routes file at: http://www.engineyard.com/blog/2010/the-lowdown-on-routes-in-rails-3/. (called from /Users/jatorre/workspace/bioblitz/ftadmin/config/routes.rb:1)
DEPRECATION WARNING: You are using the old router DSL which will be removed in Rails 3.1. Please check how to update your routes file at: http://www.engineyard.com/blog/2010/the-lowdown-on-routes-in-rails-3/. (called from /Users/jatorre/workspace/bioblitz/ftadmin/config/routes.rb:1)
DEPRECATION WARNING: You are using the old router DSL which will be removed in Rails 3.1. Please check how to update your routes file at: http://www.engineyard.com/blog/2010/the-lowdown-on-routes-in-rails-3/. (called from /Users/jatorre/workspace/bioblitz/ftadmin/config/routes.rb:1)
DEPRECATION WARNING: You are using the old router DSL which will be removed in Rails 3.1. Please check how to update your routes file at: http://www.engineyard.com/blog/2010/the-lowdown-on-routes-in-rails-3/. (called from /Users/jatorre/workspace/bioblitz/ftadmin/config/routes.rb:1)
DEPRECATION WARNING: You are using the old router DSL which will be removed in Rails 3.1. Please check how to update your routes file at: http://www.engineyard.com/blog/2010/the-lowdown-on-routes-in-rails-3/. (called from /Users/jatorre/workspace/bioblitz/ftadmin/config/routes.rb:1)
DEPRECATION WARNING: You are using the old router DSL which will be removed in Rails 3.1. Please check how to update your routes file at: http://www.engineyard.com/blog/2010/the-lowdown-on-routes-in-rails-3/. (called from /Users/jatorre/workspace/bioblitz/ftadmin/config/routes.rb:1)
DEPRECATION WARNING: You are using the old router DSL which will be removed in Rails 3.1. Please check how to update your routes file at: http://www.engineyard.com/blog/2010/the-lowdown-on-routes-in-rails-3/. (called from /Users/jatorre/workspace/bioblitz/ftadmin/config/routes.rb:1)
DEPRECATION WARNING: You are using the old router DSL which will be removed in Rails 3.1. Please check how to update your routes file at: http://www.engineyard.com/blog/2010/the-lowdown-on-routes-in-rails-3/. (called from /Users/jatorre/workspace/bioblitz/ftadmin/config/routes.rb:1)
DEPRECATION WARNING: You are using the old router DSL which will be removed in Rails 3.1. Please check how to update your routes file at: http://www.engineyard.com/blog/2010/the-lowdown-on-routes-in-rails-3/. (called from /Users/jatorre/workspace/bioblitz/ftadmin/config/routes.rb:1)
DEPRECATION WARNING: You are using the old router DSL which will be removed in Rails 3.1. Please check how to update your routes file at: http://www.engineyard.com/blog/2010/the-lowdown-on-routes-in-rails-3/. (called from /Users/jatorre/workspace/bioblitz/ftadmin/config/routes.rb:1)
DEPRECATION WARNING: You are using the old router DSL which will be removed in Rails 3.1. Please check how to update your routes file at: http://www.engineyard.com/blog/2010/the-lowdown-on-routes-in-rails-3/. (called from /Users/jatorre/workspace/bioblitz/ftadmin/config/routes.rb:1)
DEPRECATION WARNING: You are using the old router DSL which will be removed in Rails 3.1. Please check how to update your routes file at: http://www.engineyard.com/blog/2010/the-lowdown-on-routes-in-rails-3/. (called from /Users/jatorre/workspace/bioblitz/ftadmin/config/routes.rb:1)
DEPRECATION WARNING: You are using the old router DSL which will be removed in Rails 3.1. Please check how to update your routes file at: http://www.engineyard.com/blog/2010/the-lowdown-on-routes-in-rails-3/. (called from /Users/jatorre/workspace/bioblitz/ftadmin/config/routes.rb:1)
DEPRECATION WARNING: You are using the old router DSL which will be removed in Rails 3.1. Please check how to update your routes file at: http://www.engineyard.com/blog/2010/the-lowdown-on-routes-in-rails-3/. (called from /Users/jatorre/workspace/bioblitz/ftadmin/config/routes.rb:1)
DEPRECATION WARNING: You are using the old router DSL which will be removed in Rails 3.1. Please check how to update your routes file at: http://www.engineyard.com/blog/2010/the-lowdown-on-routes-in-rails-3/. (called from /Users/jatorre/workspace/bioblitz/ftadmin/config/routes.rb:1)
DEPRECATION WARNING: You are using the old router DSL which will be removed in Rails 3.1. Please check how to update your routes file at: http://www.engineyard.com/blog/2010/the-lowdown-on-routes-in-rails-3/. (called from /Users/jatorre/workspace/bioblitz/ftadmin/config/routes.rb:1)
DEPRECATION WARNING: You are using the old router DSL which will be removed in Rails 3.1. Please check how to update your routes file at: http://www.engineyard.com/blog/2010/the-lowdown-on-routes-in-rails-3/. (called from /Users/jatorre/workspace/bioblitz/ftadmin/config/routes.rb:1)
DEPRECATION WARNING: You are using the old router DSL which will be removed in Rails 3.1. Please check how to update your routes file at: http://www.engineyard.com/blog/2010/the-lowdown-on-routes-in-rails-3/. (called from /Users/jatorre/workspace/bioblitz/ftadmin/config/routes.rb:1)
DEPRECATION WARNING: You are using the old router DSL which will be removed in Rails 3.1. Please check how to update your routes file at: http://www.engineyard.com/blog/2010/the-lowdown-on-routes-in-rails-3/. (called from /Users/jatorre/workspace/bioblitz/ftadmin/config/routes.rb:1)
DEPRECATION WARNING: You are using the old router DSL which will be removed in Rails 3.1. Please check how to update your routes file at: http://www.engineyard.com/blog/2010/the-lowdown-on-routes-in-rails-3/. (called from /Users/jatorre/workspace/bioblitz/ftadmin/config/routes.rb:1)


Started GET "/" for 127.0.0.1 at Tue Sep 14 12:47:31 +0200 2010
  Processing by MainController#index as HTML
Rendered main/index.html.erb within layouts/application (2.0ms)
Completed 200 OK in 25ms (Views: 24.4ms | ActiveRecord: 0.0ms)


Started GET "/api/identifications" for 127.0.0.1 at Tue Sep 14 12:51:43 +0200 2010

ActionController::RoutingError (No route matches "/api/identifications"):
  

Rendered /Users/jatorre/.rvm/gems/ruby-1.8.7-p299@bioblitz/gems/actionpack-3.0.0/lib/action_dispatch/middleware/templates/rescues/routing_error.erb within rescues/layout (0.6ms)


Started GET "/api/identifications" for 127.0.0.1 at Tue Sep 14 12:52:34 +0200 2010
DEPRECATION WARNING: You are using the old router DSL which will be removed in Rails 3.1. Please check how to update your routes file at: http://www.engineyard.com/blog/2010/the-lowdown-on-routes-in-rails-3/. (called from /Users/jatorre/workspace/bioblitz/ftadmin/config/routes.rb:1)

ActionController::RoutingError (No route matches "/api/identifications"):
  

Rendered /Users/jatorre/.rvm/gems/ruby-1.8.7-p299@bioblitz/gems/actionpack-3.0.0/lib/action_dispatch/middleware/templates/rescues/routing_error.erb within rescues/layout (0.6ms)


Started GET "/api/identifications.json" for 127.0.0.1 at Tue Sep 14 12:52:37 +0200 2010

ActionController::RoutingError (No route matches "/api/identifications.json"):
  

Rendered /Users/jatorre/.rvm/gems/ruby-1.8.7-p299@bioblitz/gems/actionpack-3.0.0/lib/action_dispatch/middleware/templates/rescues/routing_error.erb within rescues/layout (0.7ms)


Started GET "/api/identifications" for 127.0.0.1 at Tue Sep 14 12:52:56 +0200 2010
DEPRECATION WARNING: You are using the old router DSL which will be removed in Rails 3.1. Please check how to update your routes file at: http://www.engineyard.com/blog/2010/the-lowdown-on-routes-in-rails-3/. (called from /Users/jatorre/workspace/bioblitz/ftadmin/config/routes.rb:1)

ActionController::RoutingError (No route matches "/api/identifications"):
  

Rendered /Users/jatorre/.rvm/gems/ruby-1.8.7-p299@bioblitz/gems/actionpack-3.0.0/lib/action_dispatch/middleware/templates/rescues/routing_error.erb within rescues/layout (0.7ms)


Started GET "/api/identifications" for 127.0.0.1 at Tue Sep 14 12:52:57 +0200 2010

ActionController::RoutingError (No route matches "/api/identifications"):
  

Rendered /Users/jatorre/.rvm/gems/ruby-1.8.7-p299@bioblitz/gems/actionpack-3.0.0/lib/action_dispatch/middleware/templates/rescues/routing_error.erb within rescues/layout (0.7ms)


Started GET "/api/identifications" for 127.0.0.1 at Tue Sep 14 12:52:57 +0200 2010

ActionController::RoutingError (No route matches "/api/identifications"):
  

Rendered /Users/jatorre/.rvm/gems/ruby-1.8.7-p299@bioblitz/gems/actionpack-3.0.0/lib/action_dispatch/middleware/templates/rescues/routing_error.erb within rescues/layout (0.6ms)


Started GET "/api/indentification" for 127.0.0.1 at Tue Sep 14 12:53:07 +0200 2010
DEPRECATION WARNING: You are using the old router DSL which will be removed in Rails 3.1. Please check how to update your routes file at: http://www.engineyard.com/blog/2010/the-lowdown-on-routes-in-rails-3/. (called from /Users/jatorre/workspace/bioblitz/ftadmin/config/routes.rb:1)

LoadError (Expected /Users/jatorre/workspace/bioblitz/ftadmin/app/controllers/api/identifications_controller.rb to define Api::IdentificationsController):
  

Rendered /Users/jatorre/.rvm/gems/ruby-1.8.7-p299@bioblitz/gems/actionpack-3.0.0/lib/action_dispatch/middleware/templates/rescues/_trace.erb (0.8ms)
Rendered /Users/jatorre/.rvm/gems/ruby-1.8.7-p299@bioblitz/gems/actionpack-3.0.0/lib/action_dispatch/middleware/templates/rescues/_request_and_response.erb (1.6ms)
Rendered /Users/jatorre/.rvm/gems/ruby-1.8.7-p299@bioblitz/gems/actionpack-3.0.0/lib/action_dispatch/middleware/templates/rescues/diagnostics.erb within rescues/layout (11.5ms)


Started GET "/api/indentification" for 127.0.0.1 at Tue Sep 14 12:53:34 +0200 2010
  Processing by Api::IdentificationsController#index as JSON
Completed 200 OK in 1ms (Views: 0.7ms | ActiveRecord: 0.0ms)


Started GET "/api/identification_request" for 127.0.0.1 at Tue Sep 14 12:54:38 +0200 2010
DEPRECATION WARNING: You are using the old router DSL which will be removed in Rails 3.1. Please check how to update your routes file at: http://www.engineyard.com/blog/2010/the-lowdown-on-routes-in-rails-3/. (called from /Users/jatorre/workspace/bioblitz/ftadmin/config/routes.rb:1)
  Processing by Api::IdentificationsController#index as JSON
Completed 200 OK in 1ms (Views: 0.7ms | ActiveRecord: 0.0ms)


Started GET "/api/identification_request" for 127.0.0.1 at Tue Sep 14 12:55:08 +0200 2010
DEPRECATION WARNING: You are using the old router DSL which will be removed in Rails 3.1. Please check how to update your routes file at: http://www.engineyard.com/blog/2010/the-lowdown-on-routes-in-rails-3/. (called from /Users/jatorre/workspace/bioblitz/ftadmin/config/routes.rb:1)
  Processing by Api::IdentificationsController#new as JSON
Completed 200 OK in 1ms (Views: 0.7ms | ActiveRecord: 0.0ms)


Started GET "/api/identification_request" for 127.0.0.1 at Tue Sep 14 12:57:43 +0200 2010
  Processing by Api::IdentificationsController#new as JSON
Completed 200 OK in 1ms (Views: 0.7ms | ActiveRecord: 0.0ms)


Started GET "/api/identification_request" for 127.0.0.1 at Tue Sep 14 12:58:40 +0200 2010
  Processing by Api::IdentificationsController#new as JSON
Completed 200 OK in 1ms (Views: 0.6ms | ActiveRecord: 0.0ms)


Started GET "/api/identification_request" for 127.0.0.1 at Tue Sep 14 12:58:57 +0200 2010
  Processing by Api::IdentificationsController#new as JSON
Completed 200 OK in 1ms (Views: 0.6ms | ActiveRecord: 0.0ms)


Started GET "/api/identification_request.json" for 127.0.0.1 at Tue Sep 14 13:00:05 +0200 2010

SyntaxError (/Users/jatorre/workspace/bioblitz/ftadmin/app/controllers/api/identifications_controller.rb:35: syntax error, unexpected $end, expecting kEND):
  

Rendered /Users/jatorre/.rvm/gems/ruby-1.8.7-p299@bioblitz/gems/actionpack-3.0.0/lib/action_dispatch/middleware/templates/rescues/_trace.erb (0.9ms)
Rendered /Users/jatorre/.rvm/gems/ruby-1.8.7-p299@bioblitz/gems/actionpack-3.0.0/lib/action_dispatch/middleware/templates/rescues/_request_and_response.erb (1.6ms)
Rendered /Users/jatorre/.rvm/gems/ruby-1.8.7-p299@bioblitz/gems/actionpack-3.0.0/lib/action_dispatch/middleware/templates/rescues/diagnostics.erb within rescues/layout (6.0ms)


Started GET "/api/identification_request" for 127.0.0.1 at Tue Sep 14 13:00:10 +0200 2010

SyntaxError (/Users/jatorre/workspace/bioblitz/ftadmin/app/controllers/api/identifications_controller.rb:35: syntax error, unexpected $end, expecting kEND):
  

Rendered /Users/jatorre/.rvm/gems/ruby-1.8.7-p299@bioblitz/gems/actionpack-3.0.0/lib/action_dispatch/middleware/templates/rescues/_trace.erb (0.8ms)
Rendered /Users/jatorre/.rvm/gems/ruby-1.8.7-p299@bioblitz/gems/actionpack-3.0.0/lib/action_dispatch/middleware/templates/rescues/_request_and_response.erb (1.5ms)
Rendered /Users/jatorre/.rvm/gems/ruby-1.8.7-p299@bioblitz/gems/actionpack-3.0.0/lib/action_dispatch/middleware/templates/rescues/diagnostics.erb within rescues/layout (5.8ms)


Started GET "/api/identification_request" for 127.0.0.1 at Tue Sep 14 13:00:32 +0200 2010

SyntaxError (/Users/jatorre/workspace/bioblitz/ftadmin/app/controllers/api/identifications_controller.rb:35: syntax error, unexpected $end, expecting kEND):
  

Rendered /Users/jatorre/.rvm/gems/ruby-1.8.7-p299@bioblitz/gems/actionpack-3.0.0/lib/action_dispatch/middleware/templates/rescues/_trace.erb (0.8ms)
Rendered /Users/jatorre/.rvm/gems/ruby-1.8.7-p299@bioblitz/gems/actionpack-3.0.0/lib/action_dispatch/middleware/templates/rescues/_request_and_response.erb (1.5ms)
Rendered /Users/jatorre/.rvm/gems/ruby-1.8.7-p299@bioblitz/gems/actionpack-3.0.0/lib/action_dispatch/middleware/templates/rescues/diagnostics.erb within rescues/layout (5.9ms)


Started GET "/api/identification_request" for 127.0.0.1 at Tue Sep 14 13:00:32 +0200 2010

SyntaxError (/Users/jatorre/workspace/bioblitz/ftadmin/app/controllers/api/identifications_controller.rb:35: syntax error, unexpected $end, expecting kEND):
  

Rendered /Users/jatorre/.rvm/gems/ruby-1.8.7-p299@bioblitz/gems/actionpack-3.0.0/lib/action_dispatch/middleware/templates/rescues/_trace.erb (0.8ms)
Rendered /Users/jatorre/.rvm/gems/ruby-1.8.7-p299@bioblitz/gems/actionpack-3.0.0/lib/action_dispatch/middleware/templates/rescues/_request_and_response.erb (1.5ms)
Rendered /Users/jatorre/.rvm/gems/ruby-1.8.7-p299@bioblitz/gems/actionpack-3.0.0/lib/action_dispatch/middleware/templates/rescues/diagnostics.erb within rescues/layout (5.8ms)


Started GET "/api/identification_request" for 127.0.0.1 at Tue Sep 14 13:00:52 +0200 2010
  Processing by Api::IdentificationsController#new as JSON
Completed 200 OK in 1ms (Views: 0.7ms | ActiveRecord: 0.0ms)


Started GET "/api/provide_identification" for 127.0.0.1 at Tue Sep 14 13:01:53 +0200 2010
DEPRECATION WARNING: You are using the old router DSL which will be removed in Rails 3.1. Please check how to update your routes file at: http://www.engineyard.com/blog/2010/the-lowdown-on-routes-in-rails-3/. (called from /Users/jatorre/workspace/bioblitz/ftadmin/config/routes.rb:1)
  Processing by Api::IdentificationsController#update as JSON
Completed 200 OK in 1ms (Views: 0.6ms | ActiveRecord: 0.0ms)
DEPRECATION WARNING: You are using the old router DSL which will be removed in Rails 3.1. Please check how to update your routes file at: http://www.engineyard.com/blog/2010/the-lowdown-on-routes-in-rails-3/. (called from /Users/jatorre/workspace/bioblitz/ftadmin/config/routes.rb:1)


Started GET "/api/identification_request" for 127.0.0.1 at Tue Sep 14 13:17:12 +0200 2010
  Processing by Api::IdentificationsController#new as JSON
Completed 200 OK in 2602ms (Views: 0.8ms | ActiveRecord: 0.0ms)


Started GET "/api/identification_request" for 127.0.0.1 at Tue Sep 14 13:18:12 +0200 2010
  Processing by Api::IdentificationsController#new as JSON
Completed 200 OK in 3468ms (Views: 0.8ms | ActiveRecord: 0.0ms)


Started GET "/api/identification_request" for 127.0.0.1 at Tue Sep 14 13:18:17 +0200 2010
  Processing by Api::IdentificationsController#new as JSON
Completed 200 OK in 1955ms (Views: 0.7ms | ActiveRecord: 0.0ms)


Started GET "/api/identification_request" for 127.0.0.1 at Tue Sep 14 13:18:22 +0200 2010
  Processing by Api::IdentificationsController#new as JSON
Completed 200 OK in 1792ms (Views: 0.7ms | ActiveRecord: 0.0ms)
DEPRECATION WARNING: You are using the old router DSL which will be removed in Rails 3.1. Please check how to update your routes file at: http://www.engineyard.com/blog/2010/the-lowdown-on-routes-in-rails-3/. (called from /Users/jatorre/workspace/bioblitz/ftadmin/config/routes.rb:1)
DEPRECATION WARNING: You are using the old router DSL which will be removed in Rails 3.1. Please check how to update your routes file at: http://www.engineyard.com/blog/2010/the-lowdown-on-routes-in-rails-3/. (called from /Users/jatorre/workspace/bioblitz/ftadmin/config/routes.rb:1)
DEPRECATION WARNING: You are using the old router DSL which will be removed in Rails 3.1. Please check how to update your routes file at: http://www.engineyard.com/blog/2010/the-lowdown-on-routes-in-rails-3/. (called from /Users/jatorre/workspace/bioblitz/ftadmin/config/routes.rb:1)
DEPRECATION WARNING: You are using the old router DSL which will be removed in Rails 3.1. Please check how to update your routes file at: http://www.engineyard.com/blog/2010/the-lowdown-on-routes-in-rails-3/. (called from /Users/jatorre/workspace/bioblitz/ftadmin/config/routes.rb:1)
DEPRECATION WARNING: You are using the old router DSL which will be removed in Rails 3.1. Please check how to update your routes file at: http://www.engineyard.com/blog/2010/the-lowdown-on-routes-in-rails-3/. (called from /Users/jatorre/workspace/bioblitz/ftadmin/config/routes.rb:1)
DEPRECATION WARNING: You are using the old router DSL which will be removed in Rails 3.1. Please check how to update your routes file at: http://www.engineyard.com/blog/2010/the-lowdown-on-routes-in-rails-3/. (called from /Users/jatorre/workspace/bioblitz/ftadmin/config/routes.rb:1)
DEPRECATION WARNING: You are using the old router DSL which will be removed in Rails 3.1. Please check how to update your routes file at: http://www.engineyard.com/blog/2010/the-lowdown-on-routes-in-rails-3/. (called from /Users/jatorre/workspace/bioblitz/ftadmin/config/routes.rb:1)
DEPRECATION WARNING: You are using the old router DSL which will be removed in Rails 3.1. Please check how to update your routes file at: http://www.engineyard.com/blog/2010/the-lowdown-on-routes-in-rails-3/. (called from /Users/jatorre/workspace/bioblitz/ftadmin/config/routes.rb:1)
DEPRECATION WARNING: You are using the old router DSL which will be removed in Rails 3.1. Please check how to update your routes file at: http://www.engineyard.com/blog/2010/the-lowdown-on-routes-in-rails-3/. (called from /Users/jatorre/workspace/bioblitz/ftadmin/config/routes.rb:1)
DEPRECATION WARNING: You are using the old router DSL which will be removed in Rails 3.1. Please check how to update your routes file at: http://www.engineyard.com/blog/2010/the-lowdown-on-routes-in-rails-3/. (called from /Users/jatorre/workspace/bioblitz/ftadmin/config/routes.rb:1)
DEPRECATION WARNING: You are using the old router DSL which will be removed in Rails 3.1. Please check how to update your routes file at: http://www.engineyard.com/blog/2010/the-lowdown-on-routes-in-rails-3/. (called from /Users/jatorre/workspace/bioblitz/ftadmin/config/routes.rb:1)
DEPRECATION WARNING: You are using the old router DSL which will be removed in Rails 3.1. Please check how to update your routes file at: http://www.engineyard.com/blog/2010/the-lowdown-on-routes-in-rails-3/. (called from /Users/jatorre/workspace/bioblitz/ftadmin/config/routes.rb:1)
DEPRECATION WARNING: You are using the old router DSL which will be removed in Rails 3.1. Please check how to update your routes file at: http://www.engineyard.com/blog/2010/the-lowdown-on-routes-in-rails-3/. (called from /Users/jatorre/workspace/bioblitz/ftadmin/config/routes.rb:1)

***** Debugger requested, but was not available (ensure ruby-debug is listed in Gemfile/installed as gem): Start server with --debugger to enable *****
DEPRECATION WARNING: You are using the old router DSL which will be removed in Rails 3.1. Please check how to update your routes file at: http://www.engineyard.com/blog/2010/the-lowdown-on-routes-in-rails-3/. (called from /Users/jatorre/workspace/bioblitz/ftadmin/config/routes.rb:1)

***** Debugger requested, but was not available (ensure ruby-debug is listed in Gemfile/installed as gem): Start server with --debugger to enable *****
DEPRECATION WARNING: You are using the old router DSL which will be removed in Rails 3.1. Please check how to update your routes file at: http://www.engineyard.com/blog/2010/the-lowdown-on-routes-in-rails-3/. (called from /Users/jatorre/workspace/bioblitz/ftadmin/config/routes.rb:1)
DEPRECATION WARNING: You are using the old router DSL which will be removed in Rails 3.1. Please check how to update your routes file at: http://www.engineyard.com/blog/2010/the-lowdown-on-routes-in-rails-3/. (called from /Users/jatorre/workspace/bioblitz/ftadmin/config/routes.rb:1)
DEPRECATION WARNING: You are using the old router DSL which will be removed in Rails 3.1. Please check how to update your routes file at: http://www.engineyard.com/blog/2010/the-lowdown-on-routes-in-rails-3/. (called from /Users/jatorre/workspace/bioblitz/ftadmin/config/routes.rb:1)
DEPRECATION WARNING: You are using the old router DSL which will be removed in Rails 3.1. Please check how to update your routes file at: http://www.engineyard.com/blog/2010/the-lowdown-on-routes-in-rails-3/. (called from /Users/jatorre/workspace/bioblitz/ftadmin/config/routes.rb:1)
DEPRECATION WARNING: You are using the old router DSL which will be removed in Rails 3.1. Please check how to update your routes file at: http://www.engineyard.com/blog/2010/the-lowdown-on-routes-in-rails-3/. (called from /Users/jatorre/workspace/bioblitz/ftadmin/config/routes.rb:1)
DEPRECATION WARNING: You are using the old router DSL which will be removed in Rails 3.1. Please check how to update your routes file at: http://www.engineyard.com/blog/2010/the-lowdown-on-routes-in-rails-3/. (called from /Users/jatorre/workspace/bioblitz/ftadmin/config/routes.rb:1)
DEPRECATION WARNING: You are using the old router DSL which will be removed in Rails 3.1. Please check how to update your routes file at: http://www.engineyard.com/blog/2010/the-lowdown-on-routes-in-rails-3/. (called from /Users/jatorre/workspace/bioblitz/ftadmin/config/routes.rb:1)
DEPRECATION WARNING: You are using the old router DSL which will be removed in Rails 3.1. Please check how to update your routes file at: http://www.engineyard.com/blog/2010/the-lowdown-on-routes-in-rails-3/. (called from /Users/jatorre/workspace/bioblitz/ftadmin/config/routes.rb:1)
DEPRECATION WARNING: You are using the old router DSL which will be removed in Rails 3.1. Please check how to update your routes file at: http://www.engineyard.com/blog/2010/the-lowdown-on-routes-in-rails-3/. (called from /Users/jatorre/workspace/bioblitz/ftadmin/config/routes.rb:1)


Started GET "/" for 127.0.0.1 at Tue Sep 14 17:39:47 +0200 2010
DEPRECATION WARNING: You are using the old router DSL which will be removed in Rails 3.1. Please check how to update your routes file at: http://www.engineyard.com/blog/2010/the-lowdown-on-routes-in-rails-3/. (called from /Users/jatorre/workspace/bioblitz/ftadmin/config/routes.rb:1)
  Processing by MainController#index as HTML
Rendered main/index.html.erb within layouts/application (2.2ms)
Completed 200 OK in 20ms (Views: 19.7ms | ActiveRecord: 0.0ms)


Started GET "/javascripts/prototype.js" for 127.0.0.1 at Tue Sep 14 17:39:48 +0200 2010

ActionController::RoutingError (No route matches "/javascripts/prototype.js"):
  

Rendered /Users/jatorre/.rvm/gems/ruby-1.8.7-p299@bioblitz/gems/actionpack-3.0.0/lib/action_dispatch/middleware/templates/rescues/routing_error.erb within rescues/layout (0.7ms)


Started GET "/javascripts/effects.js" for 127.0.0.1 at Tue Sep 14 17:39:48 +0200 2010

ActionController::RoutingError (No route matches "/javascripts/effects.js"):
  

Rendered /Users/jatorre/.rvm/gems/ruby-1.8.7-p299@bioblitz/gems/actionpack-3.0.0/lib/action_dispatch/middleware/templates/rescues/routing_error.erb within rescues/layout (0.9ms)


Started GET "/javascripts/dragdrop.js" for 127.0.0.1 at Tue Sep 14 17:39:48 +0200 2010

ActionController::RoutingError (No route matches "/javascripts/dragdrop.js"):
  

Rendered /Users/jatorre/.rvm/gems/ruby-1.8.7-p299@bioblitz/gems/actionpack-3.0.0/lib/action_dispatch/middleware/templates/rescues/routing_error.erb within rescues/layout (0.6ms)


Started GET "/javascripts/controls.js" for 127.0.0.1 at Tue Sep 14 17:39:48 +0200 2010

ActionController::RoutingError (No route matches "/javascripts/controls.js"):
  

Rendered /Users/jatorre/.rvm/gems/ruby-1.8.7-p299@bioblitz/gems/actionpack-3.0.0/lib/action_dispatch/middleware/templates/rescues/routing_error.erb within rescues/layout (0.6ms)


Started GET "/javascripts/rails.js" for 127.0.0.1 at Tue Sep 14 17:39:48 +0200 2010

ActionController::RoutingError (No route matches "/javascripts/rails.js"):
  

Rendered /Users/jatorre/.rvm/gems/ruby-1.8.7-p299@bioblitz/gems/actionpack-3.0.0/lib/action_dispatch/middleware/templates/rescues/routing_error.erb within rescues/layout (0.6ms)


Started GET "/taxonomizer" for 127.0.0.1 at Tue Sep 14 17:39:52 +0200 2010
  Processing by TaxonomizerController#show as HTML
Completed   in 118ms

ActionView::MissingTemplate (Missing template taxonomizer/show with {:locale=>[:en, :en], :handlers=>[:rjs, :rhtml, :erb, :rxml, :builder], :formats=>[:html]} in view paths "/Users/jatorre/workspace/bioblitz/ftadmin/app/views"):
  

Rendered /Users/jatorre/.rvm/gems/ruby-1.8.7-p299@bioblitz/gems/actionpack-3.0.0/lib/action_dispatch/middleware/templates/rescues/missing_template.erb within rescues/layout (0.5ms)


Started GET "/taxonomizer" for 127.0.0.1 at Tue Sep 14 17:40:14 +0200 2010
DEPRECATION WARNING: You are using the old router DSL which will be removed in Rails 3.1. Please check how to update your routes file at: http://www.engineyard.com/blog/2010/the-lowdown-on-routes-in-rails-3/. (called from /Users/jatorre/workspace/bioblitz/ftadmin/config/routes.rb:1)
  Processing by TaxonomizerController#show as HTML
Completed   in 3ms

ActionView::MissingTemplate (Missing template taxonomizer/show with {:locale=>[:en, :en], :handlers=>[:rjs, :rhtml, :erb, :rxml, :builder], :formats=>[:html]} in view paths "/Users/jatorre/workspace/bioblitz/ftadmin/app/views"):
  

Rendered /Users/jatorre/.rvm/gems/ruby-1.8.7-p299@bioblitz/gems/actionpack-3.0.0/lib/action_dispatch/middleware/templates/rescues/missing_template.erb within rescues/layout (0.5ms)


Started GET "/taxonomizer" for 127.0.0.1 at Tue Sep 14 17:40:36 +0200 2010
DEPRECATION WARNING: You are using the old router DSL which will be removed in Rails 3.1. Please check how to update your routes file at: http://www.engineyard.com/blog/2010/the-lowdown-on-routes-in-rails-3/. (called from /Users/jatorre/workspace/bioblitz/ftadmin/config/routes.rb:1)
  Processing by TaxonomizerController#show as HTML
Rendered taxonomizer/show.html.erb within layouts/application (1.5ms)
Completed 200 OK in 5ms (Views: 5.0ms | ActiveRecord: 0.0ms)


Started GET "/javascripts/prototype.js" for 127.0.0.1 at Tue Sep 14 17:40:36 +0200 2010

ActionController::RoutingError (No route matches "/javascripts/prototype.js"):
  

Rendered /Users/jatorre/.rvm/gems/ruby-1.8.7-p299@bioblitz/gems/actionpack-3.0.0/lib/action_dispatch/middleware/templates/rescues/routing_error.erb within rescues/layout (0.6ms)


Started GET "/javascripts/effects.js" for 127.0.0.1 at Tue Sep 14 17:40:36 +0200 2010

ActionController::RoutingError (No route matches "/javascripts/effects.js"):
  

Rendered /Users/jatorre/.rvm/gems/ruby-1.8.7-p299@bioblitz/gems/actionpack-3.0.0/lib/action_dispatch/middleware/templates/rescues/routing_error.erb within rescues/layout (0.6ms)


Started GET "/javascripts/dragdrop.js" for 127.0.0.1 at Tue Sep 14 17:40:36 +0200 2010

ActionController::RoutingError (No route matches "/javascripts/dragdrop.js"):
  

Rendered /Users/jatorre/.rvm/gems/ruby-1.8.7-p299@bioblitz/gems/actionpack-3.0.0/lib/action_dispatch/middleware/templates/rescues/routing_error.erb within rescues/layout (0.7ms)


Started GET "/javascripts/controls.js" for 127.0.0.1 at Tue Sep 14 17:40:36 +0200 2010

ActionController::RoutingError (No route matches "/javascripts/controls.js"):
  

Rendered /Users/jatorre/.rvm/gems/ruby-1.8.7-p299@bioblitz/gems/actionpack-3.0.0/lib/action_dispatch/middleware/templates/rescues/routing_error.erb within rescues/layout (0.6ms)


Started GET "/javascripts/rails.js" for 127.0.0.1 at Tue Sep 14 17:40:36 +0200 2010

ActionController::RoutingError (No route matches "/javascripts/rails.js"):
  

Rendered /Users/jatorre/.rvm/gems/ruby-1.8.7-p299@bioblitz/gems/actionpack-3.0.0/lib/action_dispatch/middleware/templates/rescues/routing_error.erb within rescues/layout (0.6ms)


Started GET "/taxonomizer" for 127.0.0.1 at Tue Sep 14 17:42:19 +0200 2010
  Processing by TaxonomizerController#show as HTML
Rendered taxonomizer/show.html.erb within layouts/application (1.5ms)
Completed 200 OK in 5ms (Views: 4.8ms | ActiveRecord: 0.0ms)


Started GET "/javascripts/prototype.js" for 127.0.0.1 at Tue Sep 14 17:42:19 +0200 2010

ActionController::RoutingError (No route matches "/javascripts/prototype.js"):
  

Rendered /Users/jatorre/.rvm/gems/ruby-1.8.7-p299@bioblitz/gems/actionpack-3.0.0/lib/action_dispatch/middleware/templates/rescues/routing_error.erb within rescues/layout (1.1ms)


Started GET "/javascripts/effects.js" for 127.0.0.1 at Tue Sep 14 17:42:19 +0200 2010

ActionController::RoutingError (No route matches "/javascripts/effects.js"):
  

Rendered /Users/jatorre/.rvm/gems/ruby-1.8.7-p299@bioblitz/gems/actionpack-3.0.0/lib/action_dispatch/middleware/templates/rescues/routing_error.erb within rescues/layout (0.6ms)


Started GET "/javascripts/controls.js" for 127.0.0.1 at Tue Sep 14 17:42:19 +0200 2010

ActionController::RoutingError (No route matches "/javascripts/controls.js"):
  

Rendered /Users/jatorre/.rvm/gems/ruby-1.8.7-p299@bioblitz/gems/actionpack-3.0.0/lib/action_dispatch/middleware/templates/rescues/routing_error.erb within rescues/layout (0.6ms)


Started GET "/javascripts/dragdrop.js" for 127.0.0.1 at Tue Sep 14 17:42:19 +0200 2010

ActionController::RoutingError (No route matches "/javascripts/dragdrop.js"):
  

Rendered /Users/jatorre/.rvm/gems/ruby-1.8.7-p299@bioblitz/gems/actionpack-3.0.0/lib/action_dispatch/middleware/templates/rescues/routing_error.erb within rescues/layout (0.6ms)


Started GET "/javascripts/rails.js" for 127.0.0.1 at Tue Sep 14 17:42:19 +0200 2010

ActionController::RoutingError (No route matches "/javascripts/rails.js"):
  

Rendered /Users/jatorre/.rvm/gems/ruby-1.8.7-p299@bioblitz/gems/actionpack-3.0.0/lib/action_dispatch/middleware/templates/rescues/routing_error.erb within rescues/layout (0.6ms)


Started GET "/taxonomizer" for 127.0.0.1 at Tue Sep 14 17:46:14 +0200 2010
  Processing by TaxonomizerController#show as HTML
Rendered taxonomizer/show.html.erb within layouts/application (12.2ms)
Completed 200 OK in 16ms (Views: 15.5ms | ActiveRecord: 0.0ms)


Started GET "/javascripts/prototype.js" for 127.0.0.1 at Tue Sep 14 17:46:14 +0200 2010

ActionController::RoutingError (No route matches "/javascripts/prototype.js"):
  

Rendered /Users/jatorre/.rvm/gems/ruby-1.8.7-p299@bioblitz/gems/actionpack-3.0.0/lib/action_dispatch/middleware/templates/rescues/routing_error.erb within rescues/layout (0.7ms)


Started GET "/javascripts/effects.js" for 127.0.0.1 at Tue Sep 14 17:46:14 +0200 2010

ActionController::RoutingError (No route matches "/javascripts/effects.js"):
  

Rendered /Users/jatorre/.rvm/gems/ruby-1.8.7-p299@bioblitz/gems/actionpack-3.0.0/lib/action_dispatch/middleware/templates/rescues/routing_error.erb within rescues/layout (0.6ms)


Started GET "/javascripts/dragdrop.js" for 127.0.0.1 at Tue Sep 14 17:46:14 +0200 2010

ActionController::RoutingError (No route matches "/javascripts/dragdrop.js"):
  

Rendered /Users/jatorre/.rvm/gems/ruby-1.8.7-p299@bioblitz/gems/actionpack-3.0.0/lib/action_dispatch/middleware/templates/rescues/routing_error.erb within rescues/layout (0.6ms)


Started GET "/javascripts/controls.js" for 127.0.0.1 at Tue Sep 14 17:46:14 +0200 2010

ActionController::RoutingError (No route matches "/javascripts/controls.js"):
  

Rendered /Users/jatorre/.rvm/gems/ruby-1.8.7-p299@bioblitz/gems/actionpack-3.0.0/lib/action_dispatch/middleware/templates/rescues/routing_error.erb within rescues/layout (0.6ms)


Started GET "/javascripts/rails.js" for 127.0.0.1 at Tue Sep 14 17:46:14 +0200 2010

ActionController::RoutingError (No route matches "/javascripts/rails.js"):
  

Rendered /Users/jatorre/.rvm/gems/ruby-1.8.7-p299@bioblitz/gems/actionpack-3.0.0/lib/action_dispatch/middleware/templates/rescues/routing_error.erb within rescues/layout (0.7ms)


Started GET "/proxy" for 127.0.0.1 at Tue Sep 14 17:55:08 +0200 2010
DEPRECATION WARNING: You are using the old router DSL which will be removed in Rails 3.1. Please check how to update your routes file at: http://www.engineyard.com/blog/2010/the-lowdown-on-routes-in-rails-3/. (called from /Users/jatorre/workspace/bioblitz/ftadmin/config/routes.rb:1)

ActionController::RoutingError (No route matches "/proxy"):
  

Rendered /Users/jatorre/.rvm/gems/ruby-1.8.7-p299@bioblitz/gems/actionpack-3.0.0/lib/action_dispatch/middleware/templates/rescues/routing_error.erb within rescues/layout (0.7ms)


Started GET "/api/proxy" for 127.0.0.1 at Tue Sep 14 17:55:28 +0200 2010
  Processing by Api::ProxyController#show as HTML
Completed   in 0ms

URI::InvalidURIError (bad URI(is not URI?): ):
  app/controllers/api/proxy_controller.rb:3:in `show'

Rendered /Users/jatorre/.rvm/gems/ruby-1.8.7-p299@bioblitz/gems/actionpack-3.0.0/lib/action_dispatch/middleware/templates/rescues/_trace.erb (1.0ms)
Rendered /Users/jatorre/.rvm/gems/ruby-1.8.7-p299@bioblitz/gems/actionpack-3.0.0/lib/action_dispatch/middleware/templates/rescues/_request_and_response.erb (3.4ms)
Rendered /Users/jatorre/.rvm/gems/ruby-1.8.7-p299@bioblitz/gems/actionpack-3.0.0/lib/action_dispatch/middleware/templates/rescues/diagnostics.erb within rescues/layout (13.4ms)


Started GET "/proxy" for 127.0.0.1 at Tue Sep 14 17:57:44 +0200 2010

ActionController::RoutingError (No route matches "/proxy"):
  

Rendered /Users/jatorre/.rvm/gems/ruby-1.8.7-p299@bioblitz/gems/actionpack-3.0.0/lib/action_dispatch/middleware/templates/rescues/routing_error.erb within rescues/layout (0.7ms)


Started GET "/taxonomizer" for 127.0.0.1 at Tue Sep 14 17:57:44 +0200 2010
  Processing by TaxonomizerController#show as HTML
Rendered taxonomizer/show.html.erb within layouts/application (1.5ms)
Completed 200 OK in 19ms (Views: 18.6ms | ActiveRecord: 0.0ms)


Started GET "/javascripts/prototype.js" for 127.0.0.1 at Tue Sep 14 17:57:44 +0200 2010

ActionController::RoutingError (No route matches "/javascripts/prototype.js"):
  

Rendered /Users/jatorre/.rvm/gems/ruby-1.8.7-p299@bioblitz/gems/actionpack-3.0.0/lib/action_dispatch/middleware/templates/rescues/routing_error.erb within rescues/layout (0.6ms)


Started GET "/javascripts/effects.js" for 127.0.0.1 at Tue Sep 14 17:57:44 +0200 2010

ActionController::RoutingError (No route matches "/javascripts/effects.js"):
  

Rendered /Users/jatorre/.rvm/gems/ruby-1.8.7-p299@bioblitz/gems/actionpack-3.0.0/lib/action_dispatch/middleware/templates/rescues/routing_error.erb within rescues/layout (0.6ms)


Started GET "/javascripts/dragdrop.js" for 127.0.0.1 at Tue Sep 14 17:57:44 +0200 2010

ActionController::RoutingError (No route matches "/javascripts/dragdrop.js"):
  

Rendered /Users/jatorre/.rvm/gems/ruby-1.8.7-p299@bioblitz/gems/actionpack-3.0.0/lib/action_dispatch/middleware/templates/rescues/routing_error.erb within rescues/layout (0.7ms)


Started GET "/javascripts/controls.js" for 127.0.0.1 at Tue Sep 14 17:57:44 +0200 2010

ActionController::RoutingError (No route matches "/javascripts/controls.js"):
  

Rendered /Users/jatorre/.rvm/gems/ruby-1.8.7-p299@bioblitz/gems/actionpack-3.0.0/lib/action_dispatch/middleware/templates/rescues/routing_error.erb within rescues/layout (0.6ms)


Started GET "/javascripts/rails.js" for 127.0.0.1 at Tue Sep 14 17:57:45 +0200 2010

ActionController::RoutingError (No route matches "/javascripts/rails.js"):
  

Rendered /Users/jatorre/.rvm/gems/ruby-1.8.7-p299@bioblitz/gems/actionpack-3.0.0/lib/action_dispatch/middleware/templates/rescues/routing_error.erb within rescues/layout (0.6ms)


Started GET "/api/proxy?url=http://cache.zoom.it/content/8EXU.dzi" for 127.0.0.1 at Tue Sep 14 17:57:47 +0200 2010
  Processing by Api::ProxyController#show as HTML
  Parameters: {"url"=>"http://cache.zoom.it/content/8EXU.dzi"}
Rendered text template (0.0ms)
Completed 200 OK in 536ms (Views: 65.6ms | ActiveRecord: 0.0ms)


Started GET "/taxonomizer" for 127.0.0.1 at Tue Sep 14 18:06:06 +0200 2010
  Processing by TaxonomizerController#show as HTML
Rendered taxonomizer/show.html.erb within layouts/application (1.4ms)
Completed 200 OK in 5ms (Views: 4.7ms | ActiveRecord: 0.0ms)


Started GET "/javascripts/prototype.js" for 127.0.0.1 at Tue Sep 14 18:06:06 +0200 2010

ActionController::RoutingError (No route matches "/javascripts/prototype.js"):
  

Rendered /Users/jatorre/.rvm/gems/ruby-1.8.7-p299@bioblitz/gems/actionpack-3.0.0/lib/action_dispatch/middleware/templates/rescues/routing_error.erb within rescues/layout (0.7ms)


Started GET "/javascripts/effects.js" for 127.0.0.1 at Tue Sep 14 18:06:06 +0200 2010

ActionController::RoutingError (No route matches "/javascripts/effects.js"):
  

Rendered /Users/jatorre/.rvm/gems/ruby-1.8.7-p299@bioblitz/gems/actionpack-3.0.0/lib/action_dispatch/middleware/templates/rescues/routing_error.erb within rescues/layout (0.6ms)


Started GET "/javascripts/dragdrop.js" for 127.0.0.1 at Tue Sep 14 18:06:06 +0200 2010

ActionController::RoutingError (No route matches "/javascripts/dragdrop.js"):
  

Rendered /Users/jatorre/.rvm/gems/ruby-1.8.7-p299@bioblitz/gems/actionpack-3.0.0/lib/action_dispatch/middleware/templates/rescues/routing_error.erb within rescues/layout (0.6ms)


Started GET "/javascripts/controls.js" for 127.0.0.1 at Tue Sep 14 18:06:06 +0200 2010

ActionController::RoutingError (No route matches "/javascripts/controls.js"):
  

Rendered /Users/jatorre/.rvm/gems/ruby-1.8.7-p299@bioblitz/gems/actionpack-3.0.0/lib/action_dispatch/middleware/templates/rescues/routing_error.erb within rescues/layout (0.6ms)


Started GET "/javascripts/rails.js" for 127.0.0.1 at Tue Sep 14 18:06:06 +0200 2010

ActionController::RoutingError (No route matches "/javascripts/rails.js"):
  

Rendered /Users/jatorre/.rvm/gems/ruby-1.8.7-p299@bioblitz/gems/actionpack-3.0.0/lib/action_dispatch/middleware/templates/rescues/routing_error.erb within rescues/layout (0.6ms)


Started GET "/taxonomizer" for 127.0.0.1 at Tue Sep 14 18:06:51 +0200 2010
  Processing by TaxonomizerController#show as HTML
Rendered taxonomizer/show.html.erb within layouts/application (1.5ms)
Completed 200 OK in 5ms (Views: 4.9ms | ActiveRecord: 0.0ms)


Started GET "/javascripts/prototype.js" for 127.0.0.1 at Tue Sep 14 18:06:51 +0200 2010

ActionController::RoutingError (No route matches "/javascripts/prototype.js"):
  

Rendered /Users/jatorre/.rvm/gems/ruby-1.8.7-p299@bioblitz/gems/actionpack-3.0.0/lib/action_dispatch/middleware/templates/rescues/routing_error.erb within rescues/layout (0.6ms)


Started GET "/javascripts/effects.js" for 127.0.0.1 at Tue Sep 14 18:06:51 +0200 2010

ActionController::RoutingError (No route matches "/javascripts/effects.js"):
  

Rendered /Users/jatorre/.rvm/gems/ruby-1.8.7-p299@bioblitz/gems/actionpack-3.0.0/lib/action_dispatch/middleware/templates/rescues/routing_error.erb within rescues/layout (0.6ms)


Started GET "/javascripts/dragdrop.js" for 127.0.0.1 at Tue Sep 14 18:06:51 +0200 2010

ActionController::RoutingError (No route matches "/javascripts/dragdrop.js"):
  

Rendered /Users/jatorre/.rvm/gems/ruby-1.8.7-p299@bioblitz/gems/actionpack-3.0.0/lib/action_dispatch/middleware/templates/rescues/routing_error.erb within rescues/layout (0.6ms)


Started GET "/javascripts/controls.js" for 127.0.0.1 at Tue Sep 14 18:06:51 +0200 2010

ActionController::RoutingError (No route matches "/javascripts/controls.js"):
  

Rendered /Users/jatorre/.rvm/gems/ruby-1.8.7-p299@bioblitz/gems/actionpack-3.0.0/lib/action_dispatch/middleware/templates/rescues/routing_error.erb within rescues/layout (0.6ms)


Started GET "/javascripts/rails.js" for 127.0.0.1 at Tue Sep 14 18:06:51 +0200 2010

ActionController::RoutingError (No route matches "/javascripts/rails.js"):
  

Rendered /Users/jatorre/.rvm/gems/ruby-1.8.7-p299@bioblitz/gems/actionpack-3.0.0/lib/action_dispatch/middleware/templates/rescues/routing_error.erb within rescues/layout (0.6ms)


Started GET "/taxonomizer" for 127.0.0.1 at Tue Sep 14 18:07:04 +0200 2010
  Processing by TaxonomizerController#show as HTML
Rendered taxonomizer/show.html.erb within layouts/application (1.7ms)
Completed 200 OK in 6ms (Views: 5.3ms | ActiveRecord: 0.0ms)


Started GET "/javascripts/prototype.js" for 127.0.0.1 at Tue Sep 14 18:07:04 +0200 2010

ActionController::RoutingError (No route matches "/javascripts/prototype.js"):
  

Rendered /Users/jatorre/.rvm/gems/ruby-1.8.7-p299@bioblitz/gems/actionpack-3.0.0/lib/action_dispatch/middleware/templates/rescues/routing_error.erb within rescues/layout (0.7ms)


Started GET "/javascripts/effects.js" for 127.0.0.1 at Tue Sep 14 18:07:04 +0200 2010

ActionController::RoutingError (No route matches "/javascripts/effects.js"):
  

Rendered /Users/jatorre/.rvm/gems/ruby-1.8.7-p299@bioblitz/gems/actionpack-3.0.0/lib/action_dispatch/middleware/templates/rescues/routing_error.erb within rescues/layout (0.7ms)


Started GET "/javascripts/dragdrop.js" for 127.0.0.1 at Tue Sep 14 18:07:04 +0200 2010

ActionController::RoutingError (No route matches "/javascripts/dragdrop.js"):
  

Rendered /Users/jatorre/.rvm/gems/ruby-1.8.7-p299@bioblitz/gems/actionpack-3.0.0/lib/action_dispatch/middleware/templates/rescues/routing_error.erb within rescues/layout (0.6ms)


Started GET "/javascripts/controls.js" for 127.0.0.1 at Tue Sep 14 18:07:04 +0200 2010

ActionController::RoutingError (No route matches "/javascripts/controls.js"):
  

Rendered /Users/jatorre/.rvm/gems/ruby-1.8.7-p299@bioblitz/gems/actionpack-3.0.0/lib/action_dispatch/middleware/templates/rescues/routing_error.erb within rescues/layout (0.6ms)


Started GET "/javascripts/rails.js" for 127.0.0.1 at Tue Sep 14 18:07:05 +0200 2010

ActionController::RoutingError (No route matches "/javascripts/rails.js"):
  

Rendered /Users/jatorre/.rvm/gems/ruby-1.8.7-p299@bioblitz/gems/actionpack-3.0.0/lib/action_dispatch/middleware/templates/rescues/routing_error.erb within rescues/layout (0.7ms)


Started GET "/javascripts/effects.js" for 127.0.0.1 at Tue Sep 14 18:07:05 +0200 2010

ActionController::RoutingError (No route matches "/javascripts/effects.js"):
  

Rendered /Users/jatorre/.rvm/gems/ruby-1.8.7-p299@bioblitz/gems/actionpack-3.0.0/lib/action_dispatch/middleware/templates/rescues/routing_error.erb within rescues/layout (0.6ms)


Started GET "/javascripts/dragdrop.js" for 127.0.0.1 at Tue Sep 14 18:07:05 +0200 2010

ActionController::RoutingError (No route matches "/javascripts/dragdrop.js"):
  

Rendered /Users/jatorre/.rvm/gems/ruby-1.8.7-p299@bioblitz/gems/actionpack-3.0.0/lib/action_dispatch/middleware/templates/rescues/routing_error.erb within rescues/layout (0.6ms)


Started GET "/javascripts/controls.js" for 127.0.0.1 at Tue Sep 14 18:07:05 +0200 2010

ActionController::RoutingError (No route matches "/javascripts/controls.js"):
  

Rendered /Users/jatorre/.rvm/gems/ruby-1.8.7-p299@bioblitz/gems/actionpack-3.0.0/lib/action_dispatch/middleware/templates/rescues/routing_error.erb within rescues/layout (0.7ms)


Started GET "/javascripts/rails.js" for 127.0.0.1 at Tue Sep 14 18:07:05 +0200 2010

ActionController::RoutingError (No route matches "/javascripts/rails.js"):
  

Rendered /Users/jatorre/.rvm/gems/ruby-1.8.7-p299@bioblitz/gems/actionpack-3.0.0/lib/action_dispatch/middleware/templates/rescues/routing_error.erb within rescues/layout (0.7ms)


Started GET "/taxonomizer" for 127.0.0.1 at Tue Sep 14 18:08:12 +0200 2010
  Processing by TaxonomizerController#show as HTML
Rendered taxonomizer/show.html.erb within layouts/application (1.4ms)
Completed 200 OK in 5ms (Views: 4.7ms | ActiveRecord: 0.0ms)


Started GET "/javascripts/prototype.js" for 127.0.0.1 at Tue Sep 14 18:08:12 +0200 2010

ActionController::RoutingError (No route matches "/javascripts/prototype.js"):
  

Rendered /Users/jatorre/.rvm/gems/ruby-1.8.7-p299@bioblitz/gems/actionpack-3.0.0/lib/action_dispatch/middleware/templates/rescues/routing_error.erb within rescues/layout (0.6ms)


Started GET "/javascripts/effects.js" for 127.0.0.1 at Tue Sep 14 18:08:12 +0200 2010

ActionController::RoutingError (No route matches "/javascripts/effects.js"):
  

Rendered /Users/jatorre/.rvm/gems/ruby-1.8.7-p299@bioblitz/gems/actionpack-3.0.0/lib/action_dispatch/middleware/templates/rescues/routing_error.erb within rescues/layout (0.6ms)


Started GET "/javascripts/dragdrop.js" for 127.0.0.1 at Tue Sep 14 18:08:12 +0200 2010

ActionController::RoutingError (No route matches "/javascripts/dragdrop.js"):
  

Rendered /Users/jatorre/.rvm/gems/ruby-1.8.7-p299@bioblitz/gems/actionpack-3.0.0/lib/action_dispatch/middleware/templates/rescues/routing_error.erb within rescues/layout (0.6ms)


Started GET "/javascripts/controls.js" for 127.0.0.1 at Tue Sep 14 18:08:12 +0200 2010

ActionController::RoutingError (No route matches "/javascripts/controls.js"):
  

Rendered /Users/jatorre/.rvm/gems/ruby-1.8.7-p299@bioblitz/gems/actionpack-3.0.0/lib/action_dispatch/middleware/templates/rescues/routing_error.erb within rescues/layout (0.6ms)


Started GET "/javascripts/rails.js" for 127.0.0.1 at Tue Sep 14 18:08:12 +0200 2010

ActionController::RoutingError (No route matches "/javascripts/rails.js"):
  

Rendered /Users/jatorre/.rvm/gems/ruby-1.8.7-p299@bioblitz/gems/actionpack-3.0.0/lib/action_dispatch/middleware/templates/rescues/routing_error.erb within rescues/layout (0.6ms)


Started GET "/taxonomizer" for 127.0.0.1 at Tue Sep 14 18:08:47 +0200 2010
  Processing by TaxonomizerController#show as HTML
Rendered taxonomizer/show.html.erb within layouts/application (0.8ms)
Completed 200 OK in 4ms (Views: 4.0ms | ActiveRecord: 0.0ms)


Started GET "/taxonomizer" for 127.0.0.1 at Tue Sep 14 18:11:23 +0200 2010
  Processing by TaxonomizerController#show as HTML
Rendered taxonomizer/show.html.erb within layouts/application (0.8ms)
Completed 200 OK in 4ms (Views: 4.1ms | ActiveRecord: 0.0ms)


Started GET "/taxonomizer" for 127.0.0.1 at Tue Sep 14 18:12:29 +0200 2010
  Processing by TaxonomizerController#show as HTML
Rendered taxonomizer/show.html.erb within layouts/application (0.8ms)
Completed 200 OK in 4ms (Views: 4.0ms | ActiveRecord: 0.0ms)


Started GET "/taxonomizer" for 127.0.0.1 at Tue Sep 14 18:14:10 +0200 2010
  Processing by TaxonomizerController#show as HTML
Rendered taxonomizer/show.html.erb within layouts/application (0.9ms)
Completed 200 OK in 5ms (Views: 4.3ms | ActiveRecord: 0.0ms)


Started GET "/taxonomizer" for 127.0.0.1 at Tue Sep 14 18:20:36 +0200 2010
  Processing by TaxonomizerController#show as HTML
Rendered taxonomizer/show.html.erb within layouts/application (19.7ms)
Completed 200 OK in 44ms (Views: 43.7ms | ActiveRecord: 0.0ms)


Started GET "/taxonomizer" for 127.0.0.1 at Tue Sep 14 18:23:01 +0200 2010
  Processing by TaxonomizerController#show as HTML
Rendered taxonomizer/show.html.erb within layouts/application (0.8ms)
Completed 200 OK in 4ms (Views: 4.0ms | ActiveRecord: 0.0ms)


Started GET "/taxonomizer" for 127.0.0.1 at Tue Sep 14 18:27:34 +0200 2010
  Processing by TaxonomizerController#show as HTML
Rendered taxonomizer/show.html.erb within layouts/application (0.9ms)
Completed 200 OK in 9ms (Views: 8.5ms | ActiveRecord: 0.0ms)


Started GET "/taxonomizer" for 127.0.0.1 at Tue Sep 14 18:31:30 +0200 2010
  Processing by TaxonomizerController#show as HTML
Rendered taxonomizer/show.html.erb within layouts/application (0.9ms)
Completed 200 OK in 5ms (Views: 4.4ms | ActiveRecord: 0.0ms)


Started GET "/taxonomizer" for 127.0.0.1 at Tue Sep 14 18:32:23 +0200 2010
  Processing by TaxonomizerController#show as HTML
Rendered taxonomizer/show.html.erb within layouts/application (0.8ms)
Completed 200 OK in 4ms (Views: 4.1ms | ActiveRecord: 0.0ms)


Started GET "/taxonomizer" for 127.0.0.1 at Tue Sep 14 18:33:11 +0200 2010
  Processing by TaxonomizerController#show as HTML
Rendered taxonomizer/show.html.erb within layouts/application (0.9ms)
Completed 200 OK in 13ms (Views: 12.6ms | ActiveRecord: 0.0ms)


Started GET "/taxonomizer" for 127.0.0.1 at Tue Sep 14 18:33:45 +0200 2010
  Processing by TaxonomizerController#show as HTML
Rendered taxonomizer/show.html.erb within layouts/application (1.2ms)
Completed 200 OK in 5ms (Views: 4.4ms | ActiveRecord: 0.0ms)


Started GET "/taxonomizer" for 127.0.0.1 at Tue Sep 14 18:35:29 +0200 2010
  Processing by TaxonomizerController#show as HTML
Rendered taxonomizer/show.html.erb within layouts/application (3.8ms)
Completed 200 OK in 7ms (Views: 7.1ms | ActiveRecord: 0.0ms)


Started GET "/taxonomizer" for 127.0.0.1 at Tue Sep 14 18:35:39 +0200 2010
  Processing by TaxonomizerController#show as HTML
Rendered taxonomizer/show.html.erb within layouts/application (0.8ms)
Completed 200 OK in 4ms (Views: 4.1ms | ActiveRecord: 0.0ms)


Started GET "/taxonomizer" for 127.0.0.1 at Tue Sep 14 18:35:44 +0200 2010
  Processing by TaxonomizerController#show as HTML
Rendered taxonomizer/show.html.erb within layouts/application (0.8ms)
Completed 200 OK in 5ms (Views: 4.3ms | ActiveRecord: 0.0ms)


Started GET "/api/proxy?url=http://cache.zoom.it/content/iVKE.dzi" for 127.0.0.1 at Tue Sep 14 18:35:46 +0200 2010
  Processing by Api::ProxyController#show as HTML
  Parameters: {"url"=>"http://cache.zoom.it/content/iVKE.dzi"}
Rendered text template (0.0ms)
Completed 200 OK in 507ms (Views: 1.0ms | ActiveRecord: 0.0ms)


Started GET "/taxonomizer" for 127.0.0.1 at Tue Sep 14 18:36:12 +0200 2010
  Processing by TaxonomizerController#show as HTML
Rendered taxonomizer/show.html.erb within layouts/application (0.9ms)
Completed 200 OK in 5ms (Views: 4.3ms | ActiveRecord: 0.0ms)


Started GET "/api/proxy?url=http://cache.zoom.it/content/75QW.dzi" for 127.0.0.1 at Tue Sep 14 18:36:14 +0200 2010
  Processing by Api::ProxyController#show as HTML
  Parameters: {"url"=>"http://cache.zoom.it/content/75QW.dzi"}
Rendered text template (0.0ms)
Completed 200 OK in 413ms (Views: 1.1ms | ActiveRecord: 0.0ms)


Started GET "/taxonomizer" for 127.0.0.1 at Tue Sep 14 18:36:19 +0200 2010
  Processing by TaxonomizerController#show as HTML
Rendered taxonomizer/show.html.erb within layouts/application (0.9ms)
Completed 200 OK in 4ms (Views: 4.2ms | ActiveRecord: 0.0ms)


Started GET "/api/proxy?url=http://cache.zoom.it/content/HHgK.dzi" for 127.0.0.1 at Tue Sep 14 18:36:21 +0200 2010
  Processing by Api::ProxyController#show as HTML
  Parameters: {"url"=>"http://cache.zoom.it/content/HHgK.dzi"}
Rendered text template (0.0ms)
Completed 200 OK in 397ms (Views: 0.9ms | ActiveRecord: 0.0ms)


Started GET "/taxonomizer" for 127.0.0.1 at Tue Sep 14 18:36:25 +0200 2010
  Processing by TaxonomizerController#show as HTML
Rendered taxonomizer/show.html.erb within layouts/application (1.3ms)
Completed 200 OK in 6ms (Views: 5.3ms | ActiveRecord: 0.0ms)


Started GET "/api/proxy?url=http://cache.zoom.it/content/75QW.dzi" for 127.0.0.1 at Tue Sep 14 18:36:26 +0200 2010
  Processing by Api::ProxyController#show as HTML
  Parameters: {"url"=>"http://cache.zoom.it/content/75QW.dzi"}
Rendered text template (0.0ms)
Completed 200 OK in 405ms (Views: 1.0ms | ActiveRecord: 0.0ms)


Started GET "/taxonomizer" for 127.0.0.1 at Tue Sep 14 18:36:30 +0200 2010
  Processing by TaxonomizerController#show as HTML
Rendered taxonomizer/show.html.erb within layouts/application (16.0ms)
Completed 200 OK in 20ms (Views: 19.5ms | ActiveRecord: 0.0ms)


Started GET "/api/proxy?url=http://cache.zoom.it/content/iVKE.dzi" for 127.0.0.1 at Tue Sep 14 18:36:32 +0200 2010
  Processing by Api::ProxyController#show as HTML
  Parameters: {"url"=>"http://cache.zoom.it/content/iVKE.dzi"}
Rendered text template (0.0ms)
Completed 200 OK in 374ms (Views: 1.0ms | ActiveRecord: 0.0ms)


Started GET "/taxonomizer" for 127.0.0.1 at Tue Sep 14 18:38:24 +0200 2010
  Processing by TaxonomizerController#show as HTML
Rendered taxonomizer/show.html.erb within layouts/application (0.9ms)
Completed 200 OK in 16ms (Views: 15.7ms | ActiveRecord: 0.0ms)


Started GET "/api/proxy?url=http://cache.zoom.it/content/HHgK.dzi" for 127.0.0.1 at Tue Sep 14 18:38:27 +0200 2010
  Processing by Api::ProxyController#show as */*
  Parameters: {"url"=>"http://cache.zoom.it/content/HHgK.dzi"}
Rendered text template (0.0ms)
Completed 200 OK in 537ms (Views: 0.9ms | ActiveRecord: 0.0ms)
